<?xml version="1.0" encoding="UTF-8"?>
<!-- Generated by org.testng.reporters.JUnitReportReporter -->
<testsuite skipped="0" hostname="MBRLT00979" name="com.mmb.qa.testcases.LoginPageTest" tests="3" failures="0" timestamp="2020-06-02T09:42:15 IST" time="43.187" errors="0">
  <testcase name="loginPageTitleTest" time="8.912" classname="com.mmb.qa.testcases.LoginPageTest"/>
  <system-out/>
  <testcase name="mmbLogoImageTest" time="7.525" classname="com.mmb.qa.testcases.LoginPageTest"/>
  <system-out/>
  <testcase name="loginTest" time="26.750" classname="com.mmb.qa.testcases.LoginPageTest"/>
  <system-out/>
</testsuite> <!-- com.mmb.qa.testcases.LoginPageTest -->
