<?xml version="1.0" encoding="UTF-8"?>
<!-- Generated by org.testng.reporters.JUnitReportReporter -->
<testsuite skipped="0" hostname="MBRLT00979" name="com.mmb.qa.testcases.PropertyAlertTest" tests="5" failures="0" timestamp="2020-06-02T09:59:53 IST" time="175.870" errors="0">
  <testcase name="verifyPropertyAlertLable" time="30.690" classname="com.mmb.qa.testcases.PropertyAlertTest"/>
  <system-out/>
  <testcase name="verifyClickOnPropertyLink" time="42.943" classname="com.mmb.qa.testcases.PropertyAlertTest"/>
  <system-out/>
  <testcase name="verifySetNewAlertLink" time="34.179" classname="com.mmb.qa.testcases.PropertyAlertTest"/>
  <system-out/>
  <testcase name="verifyEditLink" time="33.584" classname="com.mmb.qa.testcases.PropertyAlertTest"/>
  <system-out/>
  <testcase name="verifyUnSubLink" time="34.474" classname="com.mmb.qa.testcases.PropertyAlertTest"/>
  <system-out/>
</testsuite> <!-- com.mmb.qa.testcases.PropertyAlertTest -->
