<?xml version="1.0" encoding="UTF-8"?>
<!-- Generated by org.testng.reporters.JUnitReportReporter -->
<testsuite skipped="0" hostname="MBRLT00979" name="com.mmb.qa.testcases.ContactsPageTest" tests="2" failures="0" timestamp="2020-06-02T09:50:07 IST" time="72.776" errors="0">
  <testcase name="verifyContactsPageLable" time="33.903" classname="com.mmb.qa.testcases.ContactsPageTest"/>
  <system-out/>
  <testcase name="switchContactWiseByName" time="38.873" classname="com.mmb.qa.testcases.ContactsPageTest"/>
  <system-out/>
</testsuite> <!-- com.mmb.qa.testcases.ContactsPageTest -->
