<?xml version="1.0" encoding="UTF-8"?>
<!-- Generated by org.testng.reporters.JUnitReportReporter -->
<testsuite skipped="0" hostname="MBRLT00979" name="com.mmb.qa.testcases.HomePageTest" tests="3" failures="0" timestamp="2020-06-02T09:44:32 IST" time="88.078" errors="0">
  <testcase name="verifyHomePageTitleTest" time="28.828" classname="com.mmb.qa.testcases.HomePageTest"/>
  <system-out/>
  <testcase name="verifyUserNameTest" time="26.484" classname="com.mmb.qa.testcases.HomePageTest"/>
  <system-out/>
  <testcase name="verifyContactLink" time="32.766" classname="com.mmb.qa.testcases.HomePageTest"/>
  <system-out/>
</testsuite> <!-- com.mmb.qa.testcases.HomePageTest -->
